[    18.057] _XSERVTransSocketUNIXCreateListener: ...SocketCreateListener() failed
[    18.057] _XSERVTransMakeAllCOTSServerListeners: server already running
[    18.057] (--) Log file renamed from "/home/beet/.local/share/xorg/Xorg.pid-1309.log" to "/home/beet/.local/share/xorg/Xorg.1.log"
[    18.057] (WW) Failed to open protocol names file lib/xorg/protocol.txt
[    18.058] 
X.Org X Server 1.20.8
X Protocol Version 11, Revision 0
[    18.058] Build Operating System: Linux Manjaro Linux
[    18.058] Current Operating System: Linux cool 5.7.14-1-MANJARO #1 SMP PREEMPT Fri Aug 7 10:12:32 UTC 2020 x86_64
[    18.058] Kernel command line: BOOT_IMAGE=/boot/vmlinuz-5.7-x86_64 root=UUID=2a39b8d4-e4b2-4c57-ab7c-6a6d137f53a2 rw quiet apparmor=1 security=apparmor udev.log_priority=3
[    18.058] Build Date: 01 August 2020  07:25:56AM
[    18.058]  
[    18.058] Current version of pixman: 0.40.0
[    18.058] 	Before reporting problems, check http://wiki.x.org
	to make sure that you have the latest version.
[    18.058] Markers: (--) probed, (**) from config file, (==) default setting,
	(++) from command line, (!!) notice, (II) informational,
	(WW) warning, (EE) error, (NI) not implemented, (??) unknown.
[    18.058] (==) Log file: "/home/beet/.local/share/xorg/Xorg.1.log", Time: Sun Aug 23 07:55:31 2020
[    18.059] (==) Using config directory: "/etc/X11/xorg.conf.d"
[    18.059] (==) Using system config directory "/usr/share/X11/xorg.conf.d"
[    18.059] (==) No Layout section.  Using the first Screen section.
[    18.059] (==) No screen section available. Using defaults.
[    18.059] (**) |-->Screen "Default Screen Section" (0)
[    18.059] (**) |   |-->Monitor "<default monitor>"
[    18.060] (==) No monitor specified for screen "Default Screen Section".
	Using a default monitor configuration.
[    18.060] (==) Automatically adding devices
[    18.060] (==) Automatically enabling devices
[    18.060] (==) Automatically adding GPU devices
[    18.060] (==) Automatically binding GPU devices
[    18.060] (==) Max clients allowed: 256, resource mask: 0x1fffff
[    18.060] (WW) The directory "/usr/share/fonts/OTF" does not exist.
[    18.060] 	Entry deleted from font path.
[    18.060] (WW) The directory "/usr/share/fonts/Type1" does not exist.
[    18.060] 	Entry deleted from font path.
[    18.060] (WW) The directory "/usr/share/fonts/100dpi" does not exist.
[    18.060] 	Entry deleted from font path.
[    18.060] (WW) The directory "/usr/share/fonts/75dpi" does not exist.
[    18.060] 	Entry deleted from font path.
[    18.060] (==) FontPath set to:
	/usr/share/fonts/misc,
	/usr/share/fonts/TTF
[    18.060] (==) ModulePath set to "/usr/lib/xorg/modules"
[    18.060] (II) The server relies on udev to provide the list of input devices.
	If no devices become available, reconfigure udev or disable AutoAddDevices.
[    18.060] (II) Module ABI versions:
[    18.060] 	X.Org ANSI C Emulation: 0.4
[    18.060] 	X.Org Video Driver: 24.1
[    18.060] 	X.Org XInput driver : 24.1
[    18.060] 	X.Org Server Extension : 10.0
[    18.062] (++) using VT number 2

[    18.067] (II) systemd-logind: took control of session /org/freedesktop/login1/session/_32
[    18.069] (II) xfree86: Adding drm device (/dev/dri/card0)
[    18.071] (II) systemd-logind: got fd for /dev/dri/card0 226:0 fd 12 paused 0
[    18.078] (--) PCI:*(0@0:2:0) 8086:5917:1414:0026 rev 7, Mem @ 0xa0000000/16777216, 0x90000000/268435456, I/O @ 0x00003000/64, BIOS @ 0x????????/131072
[    18.079] (WW) Open ACPI failed (/var/run/acpid.socket) (No such file or directory)
[    18.079] (II) LoadModule: "glx"
[    18.079] (II) Loading /usr/lib/xorg/modules/extensions/libglx.so
[    18.082] (II) Module glx: vendor="X.Org Foundation"
[    18.082] 	compiled for 1.20.8, module version = 1.0.0
[    18.082] 	ABI class: X.Org Server Extension, version 10.0
[    18.083] (==) Matched intel as autoconfigured driver 0
[    18.083] (==) Matched modesetting as autoconfigured driver 1
[    18.083] (==) Matched fbdev as autoconfigured driver 2
[    18.083] (==) Matched vesa as autoconfigured driver 3
[    18.083] (==) Assigned the driver to the xf86ConfigLayout
[    18.083] (II) LoadModule: "intel"
[    18.083] (II) Loading /usr/lib/xorg/modules/drivers/intel_drv.so
[    18.083] (II) Module intel: vendor="X.Org Foundation"
[    18.083] 	compiled for 1.20.8, module version = 2.99.917
[    18.083] 	Module class: X.Org Video Driver
[    18.084] 	ABI class: X.Org Video Driver, version 24.1
[    18.084] (II) LoadModule: "modesetting"
[    18.084] (II) Loading /usr/lib/xorg/modules/drivers/modesetting_drv.so
[    18.085] (II) Module modesetting: vendor="X.Org Foundation"
[    18.085] 	compiled for 1.20.8, module version = 1.20.8
[    18.085] 	Module class: X.Org Video Driver
[    18.085] 	ABI class: X.Org Video Driver, version 24.1
[    18.085] (II) LoadModule: "fbdev"
[    18.085] (WW) Warning, couldn't open module fbdev
[    18.085] (EE) Failed to load module "fbdev" (module does not exist, 0)
[    18.085] (II) LoadModule: "vesa"
[    18.086] (WW) Warning, couldn't open module vesa
[    18.086] (EE) Failed to load module "vesa" (module does not exist, 0)
[    18.086] (II) intel: Driver for Intel(R) Integrated Graphics Chipsets:
	i810, i810-dc100, i810e, i815, i830M, 845G, 854, 852GM/855GM, 865G,
	915G, E7221 (i915), 915GM, 945G, 945GM, 945GME, Pineview GM,
	Pineview G, 965G, G35, 965Q, 946GZ, 965GM, 965GME/GLE, G33, Q35, Q33,
	GM45, 4 Series, G45/G43, Q45/Q43, G41, B43
[    18.087] (II) intel: Driver for Intel(R) HD Graphics
[    18.087] (II) intel: Driver for Intel(R) Iris(TM) Graphics
[    18.087] (II) intel: Driver for Intel(R) Iris(TM) Pro Graphics
[    18.087] (II) modesetting: Driver for Modesetting Kernel Drivers: kms
[    18.087] xf86EnableIOPorts: failed to set IOPL for I/O (Operation not permitted)
[    18.087] (II) intel(0): Using Kernel Mode Setting driver: i915, version 1.6.0 20200313
[    18.087] (II) intel(0): SNA compiled from 2.99.917-908-g7181c5a4
[    18.103] (WW) Falling back to old probe method for modesetting
[    18.104] (WW) VGA arbiter: cannot open kernel arbiter, no multi-card support
[    18.104] (--) intel(0): gen9 engineering sample
[    18.104] (--) intel(0): CPU: x86-64, sse2, sse3, ssse3, sse4.1, sse4.2, avx, avx2; using a maximum of 4 threads
[    18.104] (II) intel(0): Creating default Display subsection in Screen section
	"Default Screen Section" for depth/fbbpp 24/32
[    18.105] (==) intel(0): Depth 24, (--) framebuffer bpp 32
[    18.105] (==) intel(0): RGB weight 888
[    18.105] (==) intel(0): Default visual is TrueColor
[    18.107] (II) intel(0): Output eDP1 has no monitor section
[    18.108] (**) intel(0): Found backlight control interface intel_backlight (type 'raw') for output eDP1
[    18.108] (II) intel(0): Enabled output eDP1
[    18.108] (II) intel(0): Output DP1 has no monitor section
[    18.108] (II) intel(0): Enabled output DP1
[    18.109] (II) intel(0): Output HDMI1 has no monitor section
[    18.109] (II) intel(0): Enabled output HDMI1
[    18.109] (II) intel(0): Output DP2 has no monitor section
[    18.109] (II) intel(0): Enabled output DP2
[    18.109] (II) intel(0): Output HDMI2 has no monitor section
[    18.110] (II) intel(0): Enabled output HDMI2
[    18.110] (--) intel(0): Using a maximum size of 256x256 for hardware cursors
[    18.110] (II) intel(0): Output VIRTUAL1 has no monitor section
[    18.110] (II) intel(0): Enabled output VIRTUAL1
[    18.110] (--) intel(0): Output eDP1 using initial mode 2736x1824 on pipe 0
[    18.110] (--) intel(0): Output HDMI1 using initial mode 1920x1080 on pipe 1
[    18.110] (==) intel(0): TearFree disabled
[    18.111] (==) intel(0): Using gamma correction (1.0, 1.0, 1.0)
[    18.111] (==) intel(0): DPI set to (96, 96)
[    18.111] (II) Loading sub module "dri3"
[    18.111] (II) LoadModule: "dri3"
[    18.111] (II) Module "dri3" already built-in
[    18.111] (II) Loading sub module "dri2"
[    18.111] (II) LoadModule: "dri2"
[    18.111] (II) Module "dri2" already built-in
[    18.111] (II) Loading sub module "present"
[    18.111] (II) LoadModule: "present"
[    18.111] (II) Module "present" already built-in
[    18.111] (II) UnloadModule: "modesetting"
[    18.111] (II) Unloading modesetting
[    18.112] (II) intel(0): SNA initialized with Kabylake (gen9) backend
[    18.112] (==) intel(0): Backing store enabled
[    18.112] (==) intel(0): Silken mouse disabled
[    18.112] (II) intel(0): HW Cursor enabled
[    18.113] (==) intel(0): DPMS enabled
[    18.113] (==) intel(0): Display hotplug detection enabled
[    18.113] (II) intel(0): [DRI2] Setup complete
[    18.113] (II) intel(0): [DRI2]   DRI driver: i965
[    18.113] (II) intel(0): [DRI2]   VDPAU driver: va_gl
[    18.113] (II) intel(0): direct rendering: DRI2 DRI3 enabled
[    18.113] (II) intel(0): hardware support for Present enabled
[    18.113] (II) Initializing extension Generic Event Extension
[    18.113] (II) Initializing extension SHAPE
[    18.114] (II) Initializing extension MIT-SHM
[    18.114] (II) Initializing extension XInputExtension
[    18.114] (II) Initializing extension XTEST
[    18.114] (II) Initializing extension BIG-REQUESTS
[    18.114] (II) Initializing extension SYNC
[    18.114] (II) Initializing extension XKEYBOARD
[    18.114] (II) Initializing extension XC-MISC
[    18.114] (II) Initializing extension SECURITY
[    18.114] (II) Initializing extension XFIXES
[    18.114] (II) Initializing extension RENDER
[    18.114] (II) Initializing extension RANDR
[    18.114] (II) Initializing extension COMPOSITE
[    18.114] (II) Initializing extension DAMAGE
[    18.114] (II) Initializing extension MIT-SCREEN-SAVER
[    18.114] (II) Initializing extension DOUBLE-BUFFER
[    18.114] (II) Initializing extension RECORD
[    18.114] (II) Initializing extension DPMS
[    18.114] (II) Initializing extension Present
[    18.114] (II) Initializing extension DRI3
[    18.114] (II) Initializing extension X-Resource
[    18.114] (II) Initializing extension XVideo
[    18.114] (II) Initializing extension XVideo-MotionCompensation
[    18.114] (II) Initializing extension GLX
[    18.141] (II) AIGLX: Loaded and initialized i965
[    18.141] (II) GLX: Initialized DRI2 GL provider for screen 0
[    18.141] (II) Initializing extension XFree86-VidModeExtension
[    18.141] (II) Initializing extension XFree86-DGA
[    18.141] (II) Initializing extension XFree86-DRI
[    18.141] (II) Initializing extension DRI2
[    18.160] (II) intel(0): switch to mode 2736x1824@60.0 on eDP1 using pipe 0, position (0, 0), rotation normal, reflection none
[    18.170] (II) intel(0): switch to mode 1920x1080@60.0 on HDMI1 using pipe 1, position (0, 0), rotation normal, reflection none
[    18.173] (II) intel(0): Setting screen physical size to 723 x 482
[    18.274] (II) config/udev: Adding input device Video Bus (/dev/input/event4)
[    18.274] (**) Video Bus: Applying InputClass "evdev keyboard catchall"
[    18.274] (**) Video Bus: Applying InputClass "libinput keyboard catchall"
[    18.274] (**) Video Bus: Applying InputClass "system-keyboard"
[    18.274] (II) LoadModule: "libinput"
[    18.275] (II) Loading /usr/lib/xorg/modules/input/libinput_drv.so
[    18.278] (II) Module libinput: vendor="X.Org Foundation"
[    18.278] 	compiled for 1.20.8, module version = 0.30.0
[    18.278] 	Module class: X.Org XInput Driver
[    18.278] 	ABI class: X.Org XInput driver, version 24.1
[    18.278] (II) Using input driver 'libinput' for 'Video Bus'
[    18.280] (II) systemd-logind: got fd for /dev/input/event4 13:68 fd 18 paused 0
[    18.280] (**) Video Bus: always reports core events
[    18.280] (**) Option "Device" "/dev/input/event4"
[    18.281] (**) Option "_source" "server/udev"
[    18.286] (II) event4  - Video Bus: is tagged by udev as: Keyboard
[    18.286] (II) event4  - Video Bus: device is a keyboard
[    18.287] (II) event4  - Video Bus: device removed
[    18.287] (**) Option "config_info" "udev:/sys/devices/LNXSYSTM:00/LNXSYBUS:00/PNP0A08:00/LNXVIDEO:00/input/input4/event4"
[    18.287] (II) XINPUT: Adding extended input device "Video Bus" (type: KEYBOARD, id 6)
[    18.287] (**) Option "xkb_layout" "us,cn"
[    18.287] (**) Option "xkb_variant" ","
[    18.344] (II) event4  - Video Bus: is tagged by udev as: Keyboard
[    18.345] (II) event4  - Video Bus: device is a keyboard
[    18.347] (II) config/udev: Adding input device Lid Switch (/dev/input/event0)
[    18.347] (II) No input driver specified, ignoring this device.
[    18.347] (II) This device may have been added with another device file.
[    18.350] (II) config/udev: Adding input device PixArt USB Optical Mouse (/dev/input/event20)
[    18.350] (**) PixArt USB Optical Mouse: Applying InputClass "evdev pointer catchall"
[    18.350] (**) PixArt USB Optical Mouse: Applying InputClass "libinput pointer catchall"
[    18.350] (II) Using input driver 'libinput' for 'PixArt USB Optical Mouse'
[    18.353] (II) systemd-logind: got fd for /dev/input/event20 13:84 fd 21 paused 0
[    18.353] (**) PixArt USB Optical Mouse: always reports core events
[    18.353] (**) Option "Device" "/dev/input/event20"
[    18.353] (**) Option "_source" "server/udev"
[    18.358] (II) event20 - PixArt USB Optical Mouse: is tagged by udev as: Mouse
[    18.358] (II) event20 - PixArt USB Optical Mouse: device set to 1000 DPI
[    18.359] (II) event20 - PixArt USB Optical Mouse: device is a pointer
[    18.359] (II) event20 - PixArt USB Optical Mouse: device removed
[    18.359] (**) Option "config_info" "udev:/sys/devices/pci0000:00/0000:00:14.0/usb1/1-1/1-1.4/1-1.4:1.0/0003:093A:2510.0003/input/input21/event20"
[    18.359] (II) XINPUT: Adding extended input device "PixArt USB Optical Mouse" (type: MOUSE, id 7)
[    18.360] (**) Option "AccelerationScheme" "none"
[    18.360] (**) PixArt USB Optical Mouse: (accel) selected scheme none/0
[    18.360] (**) PixArt USB Optical Mouse: (accel) acceleration factor: 2.000
[    18.360] (**) PixArt USB Optical Mouse: (accel) acceleration threshold: 4
[    18.365] (II) event20 - PixArt USB Optical Mouse: is tagged by udev as: Mouse
[    18.365] (II) event20 - PixArt USB Optical Mouse: device set to 1000 DPI
[    18.365] (II) event20 - PixArt USB Optical Mouse: device is a pointer
[    18.368] (II) config/udev: Adding input device PixArt USB Optical Mouse (/dev/input/mouse0)
[    18.368] (II) No input driver specified, ignoring this device.
[    18.368] (II) This device may have been added with another device file.
[    18.370] (II) config/udev: Adding input device Microsoft Surface Type Cover Keyboard (/dev/input/event12)
[    18.370] (**) Microsoft Surface Type Cover Keyboard: Applying InputClass "evdev keyboard catchall"
[    18.370] (**) Microsoft Surface Type Cover Keyboard: Applying InputClass "libinput keyboard catchall"
[    18.370] (**) Microsoft Surface Type Cover Keyboard: Applying InputClass "system-keyboard"
[    18.370] (II) Using input driver 'libinput' for 'Microsoft Surface Type Cover Keyboard'
[    18.372] (II) systemd-logind: got fd for /dev/input/event12 13:76 fd 22 paused 0
[    18.372] (**) Microsoft Surface Type Cover Keyboard: always reports core events
[    18.372] (**) Option "Device" "/dev/input/event12"
[    18.372] (**) Option "_source" "server/udev"
[    18.377] (II) event12 - Microsoft Surface Type Cover Keyboard: is tagged by udev as: Keyboard
[    18.378] (II) event12 - Microsoft Surface Type Cover Keyboard: device is a keyboard
[    18.379] (II) event12 - Microsoft Surface Type Cover Keyboard: device removed
[    18.379] (**) Option "config_info" "udev:/sys/devices/pci0000:00/0000:00:14.0/usb1/1-7/1-7:1.0/0003:045E:09C0.0002/input/input22/event12"
[    18.379] (II) XINPUT: Adding extended input device "Microsoft Surface Type Cover Keyboard" (type: KEYBOARD, id 8)
[    18.379] (**) Option "xkb_layout" "us,cn"
[    18.379] (**) Option "xkb_variant" ","
[    18.384] (II) event12 - Microsoft Surface Type Cover Keyboard: is tagged by udev as: Keyboard
[    18.385] (II) event12 - Microsoft Surface Type Cover Keyboard: device is a keyboard
[    18.388] (II) config/udev: Adding input device Microsoft Surface Type Cover Mouse (/dev/input/event13)
[    18.388] (**) Microsoft Surface Type Cover Mouse: Applying InputClass "evdev pointer catchall"
[    18.388] (**) Microsoft Surface Type Cover Mouse: Applying InputClass "libinput pointer catchall"
[    18.388] (II) Using input driver 'libinput' for 'Microsoft Surface Type Cover Mouse'
[    18.390] (II) systemd-logind: got fd for /dev/input/event13 13:77 fd 23 paused 0
[    18.390] (**) Microsoft Surface Type Cover Mouse: always reports core events
[    18.390] (**) Option "Device" "/dev/input/event13"
[    18.390] (**) Option "_source" "server/udev"
[    18.395] (II) event13 - Microsoft Surface Type Cover Mouse: is tagged by udev as: Mouse
[    18.396] (II) event13 - Microsoft Surface Type Cover Mouse: device is a pointer
[    18.396] (II) event13 - Microsoft Surface Type Cover Mouse: device removed
[    18.397] (**) Option "config_info" "udev:/sys/devices/pci0000:00/0000:00:14.0/usb1/1-7/1-7:1.0/0003:045E:09C0.0002/input/input23/event13"
[    18.397] (II) XINPUT: Adding extended input device "Microsoft Surface Type Cover Mouse" (type: MOUSE, id 9)
[    18.397] (**) Option "AccelerationScheme" "none"
[    18.397] (**) Microsoft Surface Type Cover Mouse: (accel) selected scheme none/0
[    18.397] (**) Microsoft Surface Type Cover Mouse: (accel) acceleration factor: 2.000
[    18.397] (**) Microsoft Surface Type Cover Mouse: (accel) acceleration threshold: 4
[    18.402] (II) event13 - Microsoft Surface Type Cover Mouse: is tagged by udev as: Mouse
[    18.403] (II) event13 - Microsoft Surface Type Cover Mouse: device is a pointer
[    18.405] (II) config/udev: Adding input device Microsoft Surface Type Cover Mouse (/dev/input/mouse1)
[    18.406] (II) No input driver specified, ignoring this device.
[    18.406] (II) This device may have been added with another device file.
[    18.408] (II) config/udev: Adding input device Microsoft Surface Type Cover Consumer Control (/dev/input/event14)
[    18.408] (**) Microsoft Surface Type Cover Consumer Control: Applying InputClass "evdev keyboard catchall"
[    18.408] (**) Microsoft Surface Type Cover Consumer Control: Applying InputClass "libinput keyboard catchall"
[    18.408] (**) Microsoft Surface Type Cover Consumer Control: Applying InputClass "system-keyboard"
[    18.408] (II) Using input driver 'libinput' for 'Microsoft Surface Type Cover Consumer Control'
[    18.410] (II) systemd-logind: got fd for /dev/input/event14 13:78 fd 24 paused 0
[    18.410] (**) Microsoft Surface Type Cover Consumer Control: always reports core events
[    18.410] (**) Option "Device" "/dev/input/event14"
[    18.410] (**) Option "_source" "server/udev"
[    18.415] (II) event14 - Microsoft Surface Type Cover Consumer Control: is tagged by udev as: Keyboard
[    18.416] (II) event14 - Microsoft Surface Type Cover Consumer Control: device is a keyboard
[    18.417] (II) event14 - Microsoft Surface Type Cover Consumer Control: device removed
[    18.417] (II) libinput: Microsoft Surface Type Cover Consumer Control: needs a virtual subdevice
[    18.417] (**) Option "config_info" "udev:/sys/devices/pci0000:00/0000:00:14.0/usb1/1-7/1-7:1.0/0003:045E:09C0.0002/input/input24/event14"
[    18.417] (II) XINPUT: Adding extended input device "Microsoft Surface Type Cover Consumer Control" (type: MOUSE, id 10)
[    18.417] (**) Option "AccelerationScheme" "none"
[    18.417] (**) Microsoft Surface Type Cover Consumer Control: (accel) selected scheme none/0
[    18.417] (**) Microsoft Surface Type Cover Consumer Control: (accel) acceleration factor: 2.000
[    18.417] (**) Microsoft Surface Type Cover Consumer Control: (accel) acceleration threshold: 4
[    18.423] (II) event14 - Microsoft Surface Type Cover Consumer Control: is tagged by udev as: Keyboard
[    18.423] (II) event14 - Microsoft Surface Type Cover Consumer Control: device is a keyboard
[    18.426] (II) config/udev: Adding input device Microsoft Surface Type Cover UNKNOWN (/dev/input/event15)
[    18.426] (II) No input driver specified, ignoring this device.
[    18.426] (II) This device may have been added with another device file.
[    18.428] (II) config/udev: Adding input device Microsoft Surface Type Cover Touchpad (/dev/input/event16)
[    18.428] (**) Microsoft Surface Type Cover Touchpad: Applying InputClass "evdev touchpad catchall"
[    18.428] (**) Microsoft Surface Type Cover Touchpad: Applying InputClass "libinput touchpad catchall"
[    18.428] (II) Using input driver 'libinput' for 'Microsoft Surface Type Cover Touchpad'
[    18.430] (II) systemd-logind: got fd for /dev/input/event16 13:80 fd 25 paused 0
[    18.430] (**) Microsoft Surface Type Cover Touchpad: always reports core events
[    18.430] (**) Option "Device" "/dev/input/event16"
[    18.430] (**) Option "_source" "server/udev"
[    18.435] (II) event16 - Microsoft Surface Type Cover Touchpad: is tagged by udev as: Touchpad
[    18.439] (II) event16 - Microsoft Surface Type Cover Touchpad: device is a touchpad
[    18.439] (II) event16 - Microsoft Surface Type Cover Touchpad: device removed
[    18.439] (**) Option "config_info" "udev:/sys/devices/pci0000:00/0000:00:14.0/usb1/1-7/1-7:1.0/0003:045E:09C0.0002/input/input26/event16"
[    18.440] (II) XINPUT: Adding extended input device "Microsoft Surface Type Cover Touchpad" (type: TOUCHPAD, id 11)
[    18.442] (**) Option "AccelerationScheme" "none"
[    18.442] (**) Microsoft Surface Type Cover Touchpad: (accel) selected scheme none/0
[    18.442] (**) Microsoft Surface Type Cover Touchpad: (accel) acceleration factor: 2.000
[    18.442] (**) Microsoft Surface Type Cover Touchpad: (accel) acceleration threshold: 4
[    18.446] (II) event16 - Microsoft Surface Type Cover Touchpad: is tagged by udev as: Touchpad
[    18.448] (II) event16 - Microsoft Surface Type Cover Touchpad: device is a touchpad
[    18.449] (II) config/udev: Adding input device Microsoft Surface Type Cover Touchpad (/dev/input/mouse2)
[    18.449] (II) No input driver specified, ignoring this device.
[    18.449] (II) This device may have been added with another device file.
[    18.451] (II) config/udev: Adding input device Microsoft Surface Type Cover UNKNOWN (/dev/input/event17)
[    18.451] (II) No input driver specified, ignoring this device.
[    18.451] (II) This device may have been added with another device file.
[    18.452] (II) config/udev: Adding input device Microsoft Surface Type Cover UNKNOWN (/dev/input/event18)
[    18.452] (II) No input driver specified, ignoring this device.
[    18.452] (II) This device may have been added with another device file.
[    18.453] (II) config/udev: Adding input device Microsoft Surface Type Cover UNKNOWN (/dev/input/event19)
[    18.453] (II) No input driver specified, ignoring this device.
[    18.453] (II) This device may have been added with another device file.
[    18.454] (II) config/udev: Adding input device HDA Intel PCH HDMI/DP,pcm=9 (/dev/input/event10)
[    18.454] (II) No input driver specified, ignoring this device.
[    18.454] (II) This device may have been added with another device file.
[    18.454] (II) config/udev: Adding input device HDA Intel PCH HDMI/DP,pcm=10 (/dev/input/event11)
[    18.454] (II) No input driver specified, ignoring this device.
[    18.455] (II) This device may have been added with another device file.
[    18.455] (II) config/udev: Adding input device HDA Intel PCH Mic (/dev/input/event5)
[    18.455] (II) No input driver specified, ignoring this device.
[    18.455] (II) This device may have been added with another device file.
[    18.456] (II) config/udev: Adding input device HDA Intel PCH Headphone (/dev/input/event6)
[    18.456] (II) No input driver specified, ignoring this device.
[    18.456] (II) This device may have been added with another device file.
[    18.456] (II) config/udev: Adding input device HDA Intel PCH HDMI/DP,pcm=3 (/dev/input/event7)
[    18.456] (II) No input driver specified, ignoring this device.
[    18.457] (II) This device may have been added with another device file.
[    18.457] (II) config/udev: Adding input device HDA Intel PCH HDMI/DP,pcm=7 (/dev/input/event8)
[    18.457] (II) No input driver specified, ignoring this device.
[    18.457] (II) This device may have been added with another device file.
[    18.458] (II) config/udev: Adding input device HDA Intel PCH HDMI/DP,pcm=8 (/dev/input/event9)
[    18.458] (II) No input driver specified, ignoring this device.
[    18.458] (II) This device may have been added with another device file.
[    18.458] (II) config/udev: Adding input device gpio-keys (/dev/input/event2)
[    18.458] (**) gpio-keys: Applying InputClass "evdev keyboard catchall"
[    18.458] (**) gpio-keys: Applying InputClass "libinput keyboard catchall"
[    18.458] (**) gpio-keys: Applying InputClass "system-keyboard"
[    18.458] (II) Using input driver 'libinput' for 'gpio-keys'
[    18.459] (II) systemd-logind: got fd for /dev/input/event2 13:66 fd 26 paused 0
[    18.459] (**) gpio-keys: always reports core events
[    18.459] (**) Option "Device" "/dev/input/event2"
[    18.459] (**) Option "_source" "server/udev"
[    18.461] (II) event2  - gpio-keys: is tagged by udev as: Keyboard
[    18.461] (II) event2  - gpio-keys: device is a keyboard
[    18.461] (II) event2  - gpio-keys: device removed
[    18.461] (**) Option "config_info" "udev:/sys/devices/platform/MSHW0040:00/gpio-keys.1.auto/input/input2/event2"
[    18.461] (II) XINPUT: Adding extended input device "gpio-keys" (type: KEYBOARD, id 12)
[    18.461] (**) Option "xkb_layout" "us,cn"
[    18.461] (**) Option "xkb_variant" ","
[    18.462] (II) event2  - gpio-keys: is tagged by udev as: Keyboard
[    18.463] (II) event2  - gpio-keys: device is a keyboard
[    18.463] (II) config/udev: Adding input device gpio-keys (/dev/input/event3)
[    18.463] (**) gpio-keys: Applying InputClass "evdev keyboard catchall"
[    18.463] (**) gpio-keys: Applying InputClass "libinput keyboard catchall"
[    18.463] (**) gpio-keys: Applying InputClass "system-keyboard"
[    18.463] (II) Using input driver 'libinput' for 'gpio-keys'
[    18.464] (II) systemd-logind: got fd for /dev/input/event3 13:67 fd 27 paused 0
[    18.464] (**) gpio-keys: always reports core events
[    18.464] (**) Option "Device" "/dev/input/event3"
[    18.464] (**) Option "_source" "server/udev"
[    18.466] (II) event3  - gpio-keys: is tagged by udev as: Keyboard
[    18.466] (II) event3  - gpio-keys: device is a keyboard
[    18.466] (II) event3  - gpio-keys: device removed
[    18.466] (**) Option "config_info" "udev:/sys/devices/platform/MSHW0040:00/gpio-keys.2.auto/input/input3/event3"
[    18.466] (II) XINPUT: Adding extended input device "gpio-keys" (type: KEYBOARD, id 13)
[    18.466] (**) Option "xkb_layout" "us,cn"
[    18.466] (**) Option "xkb_variant" ","
[    18.467] (II) event3  - gpio-keys: is tagged by udev as: Keyboard
[    18.467] (II) event3  - gpio-keys: device is a keyboard
[    18.468] (II) config/udev: Adding input device PC Speaker (/dev/input/event1)
[    18.468] (II) No input driver specified, ignoring this device.
[    18.468] (II) This device may have been added with another device file.
[    18.507] (**) Microsoft Surface Type Cover Consumer Control: Applying InputClass "evdev keyboard catchall"
[    18.507] (**) Microsoft Surface Type Cover Consumer Control: Applying InputClass "libinput keyboard catchall"
[    18.507] (**) Microsoft Surface Type Cover Consumer Control: Applying InputClass "system-keyboard"
[    18.507] (II) Using input driver 'libinput' for 'Microsoft Surface Type Cover Consumer Control'
[    18.507] (II) systemd-logind: returning pre-existing fd for /dev/input/event14 13:78
[    18.507] (**) Microsoft Surface Type Cover Consumer Control: always reports core events
[    18.507] (**) Option "Device" "/dev/input/event14"
[    18.507] (**) Option "_source" "_driver/libinput"
[    18.507] (II) libinput: Microsoft Surface Type Cover Consumer Control: is a virtual subdevice
[    18.507] (**) Option "config_info" "udev:/sys/devices/pci0000:00/0000:00:14.0/usb1/1-7/1-7:1.0/0003:045E:09C0.0002/input/input24/event14"
[    18.507] (II) XINPUT: Adding extended input device "Microsoft Surface Type Cover Consumer Control" (type: KEYBOARD, id 14)
[    18.507] (**) Option "xkb_layout" "us,cn"
[    18.507] (**) Option "xkb_variant" ","
[    19.305] (II) intel(0): EDID vendor "LGD", prod id 1365
[    19.305] (II) intel(0): Using EDID range info for horizontal sync
[    19.305] (II) intel(0): Using EDID range info for vertical refresh
[    19.305] (II) intel(0): Printing DDC gathered Modelines:
[    19.305] (II) intel(0): Modeline "2736x1824"x0.0  325.75  2736 2784 2816 2896  1824 1827 1837 1876 -hsync -vsync (112.5 kHz eP)
[    20.024] (II) intel(0): resizing framebuffer to 1920x1080
